Remember that you can report errors and get help in https://github.com/NicoSantangelo/sublime-gulp

09-02-2014 09:30:

/Users/chenderson/Library/Application Support/Sublime Text 3/Packages/Gulp/write_tasks_to_cache.js:23
        throw ex;
              ^
ReferenceError: gulp is not defined
  at Object.<anonymous> (/Users/chenderson/Projects/cl-ux-team/.sublime-gulp-tmp.js:7:44)
  at Module._compile (module.js:456:26)
  at Object.Module._extensions..js (module.js:474:10)
  at Module.load (module.js:356:32)
  at Function.Module._load (module.js:312:12)
  at Module.require (module.js:364:17)
  at require (module.js:380:17)
  at requireGulp (/Users/chenderson/Library/Application Support/Sublime Text 3/Packages/Gulp/write_tasks_to_cache.js:20:16)
  at Object.<anonymous> (/Users/chenderson/Library/Application Support/Sublime Text 3/Packages/Gulp/write_tasks_to_cache.js:46:12)
  at Module._compile (module.js:456:26)
  at Object.Module._extensions..js (module.js:474:10)
  at Module.load (module.js:356:32)
  at Function.Module._load (module.js:312:12)
  at Function.Module.runMain (module.js:497:10)
  at startup (node.js:119:16)
  at node.js:906:3



09-02-2014 09:30:

/Users/chenderson/Library/Application Support/Sublime Text 3/Packages/Gulp/write_tasks_to_cache.js:23
        throw ex;
              ^
ReferenceError: modules is not defined
  at Object.<anonymous> (/Users/chenderson/Projects/cl-ux-team/Gulpfile.coffee:146:1)
  at Object.<anonymous> (/Users/chenderson/Projects/cl-ux-team/Gulpfile.coffee:1:1)
  at Module._compile (module.js:456:26)
  at Object.loadFile (/Users/chenderson/Projects/cl-ux-team/node_modules/coffee-script/lib/coffee-script/register.js:16:19)
  at Module.load (/Users/chenderson/Projects/cl-ux-team/node_modules/coffee-script/lib/coffee-script/register.js:45:36)
  at Function.Module._load (module.js:312:12)
  at Module.require (module.js:364:17)
  at require (module.js:380:17)
  at Object.<anonymous> (/Users/chenderson/Projects/cl-ux-team/.sublime-gulp-tmp.js:7:12)
  at Module._compile (module.js:456:26)
  at Object.Module._extensions..js (module.js:474:10)
  at Module.load (module.js:356:32)
  at Function.Module._load (module.js:312:12)
  at Module.require (module.js:364:17)
  at require (module.js:380:17)
  at requireGulp (/Users/chenderson/Library/Application Support/Sublime Text 3/Packages/Gulp/write_tasks_to_cache.js:20:16)
  at Object.<anonymous> (/Users/chenderson/Library/Application Support/Sublime Text 3/Packages/Gulp/write_tasks_to_cache.js:46:12)
  at Module._compile (module.js:456:26)
  at Object.Module._extensions..js (module.js:474:10)
  at Module.load (module.js:356:32)
  at Function.Module._load (module.js:312:12)
  at Function.Module.runMain (module.js:497:10)
  at startup (node.js:119:16)
  at node.js:906:3

